<?xml version="1.0" encoding="UTF-8"?>
<!-- Generated by org.testng.reporters.JUnitReportReporter -->
<testsuite hostname="DESKTOP-VJBNE00" failures="0" tests="1" name="tests.LoginTest" time="8.215" errors="0" timestamp="2025-08-18T21:17:48 IST" skipped="0">
  <testcase classname="tests.LoginTest" name="testLogin" time="8.215"/>
</testsuite> <!-- tests.LoginTest -->
